0 info it worked if it ends with ok
1 verbose cli [ '/usr/local/Cellar/node/7.2.0/bin/node',
1 verbose cli   '/usr/local/bin/npm',
1 verbose cli   'start' ]
2 info using npm@3.10.9
3 info using node@v7.2.0
4 verbose run-script [ 'prestart', 'start', 'poststart' ]
5 info lifecycle the-new-dynamic@0.0.1~prestart: the-new-dynamic@0.0.1
6 silly lifecycle the-new-dynamic@0.0.1~prestart: no script for prestart, continuing
7 info lifecycle the-new-dynamic@0.0.1~start: the-new-dynamic@0.0.1
8 verbose lifecycle the-new-dynamic@0.0.1~start: unsafe-perm in lifecycle true
9 verbose lifecycle the-new-dynamic@0.0.1~start: PATH: /usr/local/lib/node_modules/npm/bin/node-gyp-bin:/Users/budparr/Projects/thenewdynamic.com/thenewdynamic.com/node_modules/.bin:/usr/local/Cellar/node/7.2.0/bin:.git/safe/../../bin:/Users/budparr/.rbenv/shims:/Users/budparr/.bin:/usr/local/sbin:/usr/local/bin:/usr/bin:/bin:/usr/sbin:/sbin:/usr/local/go/bin
10 verbose lifecycle the-new-dynamic@0.0.1~start: CWD: /Users/budparr/Projects/thenewdynamic.com/thenewdynamic.com
11 silly lifecycle the-new-dynamic@0.0.1~start: Args: [ '-c', 'spike watch' ]
12 silly lifecycle the-new-dynamic@0.0.1~start: Returned: code: 1  signal: null
13 info lifecycle the-new-dynamic@0.0.1~start: Failed to exec start script
14 verbose stack Error: the-new-dynamic@0.0.1 start: `spike watch`
14 verbose stack Exit status 1
14 verbose stack     at EventEmitter.<anonymous> (/usr/local/lib/node_modules/npm/lib/utils/lifecycle.js:255:16)
14 verbose stack     at emitTwo (events.js:106:13)
14 verbose stack     at EventEmitter.emit (events.js:191:7)
14 verbose stack     at ChildProcess.<anonymous> (/usr/local/lib/node_modules/npm/lib/utils/spawn.js:40:14)
14 verbose stack     at emitTwo (events.js:106:13)
14 verbose stack     at ChildProcess.emit (events.js:191:7)
14 verbose stack     at maybeClose (internal/child_process.js:885:16)
14 verbose stack     at Process.ChildProcess._handle.onexit (internal/child_process.js:226:5)
15 verbose pkgid the-new-dynamic@0.0.1
16 verbose cwd /Users/budparr/Projects/thenewdynamic.com/thenewdynamic.com
17 error Darwin 16.1.0
18 error argv "/usr/local/Cellar/node/7.2.0/bin/node" "/usr/local/bin/npm" "start"
19 error node v7.2.0
20 error npm  v3.10.9
21 error code ELIFECYCLE
22 error the-new-dynamic@0.0.1 start: `spike watch`
22 error Exit status 1
23 error Failed at the the-new-dynamic@0.0.1 start script 'spike watch'.
23 error Make sure you have the latest version of node.js and npm installed.
23 error If you do, this is most likely a problem with the the-new-dynamic package,
23 error not with npm itself.
23 error Tell the author that this fails on your system:
23 error     spike watch
23 error You can get information on how to open an issue for this project with:
23 error     npm bugs the-new-dynamic
23 error Or if that isn't available, you can get their info via:
23 error     npm owner ls the-new-dynamic
23 error There is likely additional logging output above.
24 verbose exit [ 1, true ]
